
*** Running vivado
    with args -log Up_counter.vds -m64 -product Vivado -mode batch -messageDb vivado.pb -notrace -source Up_counter.tcl



****** Vivado v2020.1 (64-bit)
  **** SW Build 2902540 on Wed May 27 19:54:49 MDT 2020
  **** IP Build 2902112 on Wed May 27 22:43:36 MDT 2020
    ** Copyright 1986-2020 Xilinx, Inc. All Rights Reserved.

source Up_counter.tcl -notrace
create_project: Time (s): cpu = 00:00:07 ; elapsed = 00:00:10 . Memory (MB): peak = 1098.379 ; gain = 38.094
Command: synth_design -top Up_counter -part xc7a35tcpg236-1
Starting synth_design
Attempting to get a license for feature 'Synthesis' and/or device 'xc7a35t'
INFO: [Common 17-349] Got license for feature 'Synthesis' and/or device 'xc7a35t'
INFO: [Device 21-403] Loading part xc7a35tcpg236-1
INFO: [Synth 8-7079] Multithreading enabled for synth_design using a maximum of 2 processes.
INFO: [Synth 8-7078] Launching helper process for spawning children vivado processes
INFO: [Synth 8-7075] Helper process launched with PID 6948

*** Running vivado
    with args -log Up_counter.vds -m64 -product Vivado -mode batch -messageDb vivado.pb -notrace -source Up_counter.tcl



****** Vivado v2020.1 (64-bit)
  **** SW Build 2902540 on Wed May 27 19:54:49 MDT 2020
  **** IP Build 2902112 on Wed May 27 22:43:36 MDT 2020
    ** Copyright 1986-2020 Xilinx, Inc. All Rights Reserved.

source Up_counter.tcl -notrace
Command: synth_design -top Up_counter -part xc7a35tcpg236-1
Starting synth_design
Attempting to get a license for feature 'Synthesis' and/or device 'xc7a35t'
INFO: [Common 17-349] Got license for feature 'Synthesis' and/or device 'xc7a35t'
INFO: [Device 21-403] Loading part xc7a35tcpg236-1
INFO: [Synth 8-7079] Multithreading enabled for synth_design using a maximum of 2 processes.
INFO: [Synth 8-7078] Launching helper process for spawning children vivado processes
INFO: [Synth 8-7075] Helper process launched with PID 4812
---------------------------------------------------------------------------------
Starting RTL Elaboration : Time (s): cpu = 00:00:05 ; elapsed = 00:00:07 . Memory (MB): peak = 1079.270 ; gain = 0.000
---------------------------------------------------------------------------------
INFO: [Synth 8-6157] synthesizing module 'Up_counter' [D:/KIMGYUHAN/project/FPGA/Up_counter/Up_counter.srcs/sources_1/new/Up_counter.v:3]
INFO: [Synth 8-6157] synthesizing module 'Clock_divider' [D:/KIMGYUHAN/project/FPGA/Up_counter/Up_counter.srcs/sources_1/new/Clock_divider.v:3]
INFO: [Synth 8-6155] done synthesizing module 'Clock_divider' (1#1) [D:/KIMGYUHAN/project/FPGA/Up_counter/Up_counter.srcs/sources_1/new/Clock_divider.v:3]
INFO: [Synth 8-6157] synthesizing module 'Counter_FND' [D:/KIMGYUHAN/project/FPGA/Up_counter/Up_counter.srcs/sources_1/new/Counter_FND.v:4]
INFO: [Synth 8-6155] done synthesizing module 'Counter_FND' (2#1) [D:/KIMGYUHAN/project/FPGA/Up_counter/Up_counter.srcs/sources_1/new/Counter_FND.v:4]
INFO: [Synth 8-6157] synthesizing module 'Decoder2to4' [D:/KIMGYUHAN/project/FPGA/Up_counter/Up_counter.srcs/sources_1/new/Decoder2to4.v:4]
INFO: [Synth 8-6155] done synthesizing module 'Decoder2to4' (3#1) [D:/KIMGYUHAN/project/FPGA/Up_counter/Up_counter.srcs/sources_1/new/Decoder2to4.v:4]
INFO: [Synth 8-6157] synthesizing module 'Clock_divider_data' [D:/KIMGYUHAN/project/FPGA/Up_counter/Up_counter.srcs/sources_1/new/Clock_divider_data.v:4]
INFO: [Synth 8-6155] done synthesizing module 'Clock_divider_data' (4#1) [D:/KIMGYUHAN/project/FPGA/Up_counter/Up_counter.srcs/sources_1/new/Clock_divider_data.v:4]
INFO: [Synth 8-6157] synthesizing module 'Counter_data' [D:/KIMGYUHAN/project/FPGA/Up_counter/Up_counter.srcs/sources_1/new/Counter_data.v:6]
INFO: [Synth 8-6155] done synthesizing module 'Counter_data' (5#1) [D:/KIMGYUHAN/project/FPGA/Up_counter/Up_counter.srcs/sources_1/new/Counter_data.v:6]
INFO: [Synth 8-6157] synthesizing module 'Digit_divider' [D:/KIMGYUHAN/project/FPGA/Up_counter/Up_counter.srcs/sources_1/new/Digit_divider.v:3]
INFO: [Synth 8-6155] done synthesizing module 'Digit_divider' (6#1) [D:/KIMGYUHAN/project/FPGA/Up_counter/Up_counter.srcs/sources_1/new/Digit_divider.v:3]
INFO: [Synth 8-6157] synthesizing module 'MUX_4to1' [D:/KIMGYUHAN/project/FPGA/Up_counter/Up_counter.srcs/sources_1/new/MUX_4to1.v:3]
WARNING: [Synth 8-567] referenced signal 'i_1' should be on the sensitivity list [D:/KIMGYUHAN/project/FPGA/Up_counter/Up_counter.srcs/sources_1/new/MUX_4to1.v:12]
WARNING: [Synth 8-567] referenced signal 'i_10' should be on the sensitivity list [D:/KIMGYUHAN/project/FPGA/Up_counter/Up_counter.srcs/sources_1/new/MUX_4to1.v:12]
WARNING: [Synth 8-567] referenced signal 'i_100' should be on the sensitivity list [D:/KIMGYUHAN/project/FPGA/Up_counter/Up_counter.srcs/sources_1/new/MUX_4to1.v:12]
WARNING: [Synth 8-567] referenced signal 'i_1000' should be on the sensitivity list [D:/KIMGYUHAN/project/FPGA/Up_counter/Up_counter.srcs/sources_1/new/MUX_4to1.v:12]
INFO: [Synth 8-6155] done synthesizing module 'MUX_4to1' (7#1) [D:/KIMGYUHAN/project/FPGA/Up_counter/Up_counter.srcs/sources_1/new/MUX_4to1.v:3]
INFO: [Synth 8-6157] synthesizing module 'BCDtoFNDdecoder' [D:/KIMGYUHAN/project/FPGA/Up_counter/Up_counter.srcs/sources_1/new/BCDtoFNDdecoder.v:3]
INFO: [Synth 8-155] case statement is not full and has no default [D:/KIMGYUHAN/project/FPGA/Up_counter/Up_counter.srcs/sources_1/new/BCDtoFNDdecoder.v:13]
INFO: [Synth 8-6155] done synthesizing module 'BCDtoFNDdecoder' (8#1) [D:/KIMGYUHAN/project/FPGA/Up_counter/Up_counter.srcs/sources_1/new/BCDtoFNDdecoder.v:3]
INFO: [Synth 8-6155] done synthesizing module 'Up_counter' (9#1) [D:/KIMGYUHAN/project/FPGA/Up_counter/Up_counter.srcs/sources_1/new/Up_counter.v:3]
---------------------------------------------------------------------------------
Finished RTL Elaboration : Time (s): cpu = 00:00:07 ; elapsed = 00:00:09 . Memory (MB): peak = 1079.270 ; gain = 0.000
---------------------------------------------------------------------------------
---------------------------------------------------------------------------------
Start Handling Custom Attributes
---------------------------------------------------------------------------------
---------------------------------------------------------------------------------
Finished Handling Custom Attributes : Time (s): cpu = 00:00:08 ; elapsed = 00:00:10 . Memory (MB): peak = 1079.270 ; gain = 0.000
---------------------------------------------------------------------------------
---------------------------------------------------------------------------------
Finished RTL Optimization Phase 1 : Time (s): cpu = 00:00:08 ; elapsed = 00:00:10 . Memory (MB): peak = 1079.270 ; gain = 0.000
---------------------------------------------------------------------------------
Netlist sorting complete. Time (s): cpu = 00:00:00 ; elapsed = 00:00:00.005 . Memory (MB): peak = 1079.270 ; gain = 0.000
INFO: [Project 1-570] Preparing netlist for logic optimization

Processing XDC Constraints
Initializing timing engine
Parsing XDC File [D:/KIMGYUHAN/project/FPGA/Up_counter/Up_counter.srcs/constrs_1/imports/Basys3_XDC/MY_Basys-3-Master.xdc]
Finished Parsing XDC File [D:/KIMGYUHAN/project/FPGA/Up_counter/Up_counter.srcs/constrs_1/imports/Basys3_XDC/MY_Basys-3-Master.xdc]
INFO: [Project 1-236] Implementation specific constraints were found while reading constraint file [D:/KIMGYUHAN/project/FPGA/Up_counter/Up_counter.srcs/constrs_1/imports/Basys3_XDC/MY_Basys-3-Master.xdc]. These constraints will be ignored for synthesis but will be used in implementation. Impacted constraints are listed in the file [.Xil/Up_counter_propImpl.xdc].
Resolution: To avoid this warning, move constraints listed in [.Xil/Up_counter_propImpl.xdc] to another XDC file and exclude this new file from synthesis with the used_in_synthesis property (File Properties dialog in GUI) and re-run elaboration/synthesis.
Completed Processing XDC Constraints

Netlist sorting complete. Time (s): cpu = 00:00:00 ; elapsed = 00:00:00 . Memory (MB): peak = 1177.703 ; gain = 0.000
INFO: [Project 1-111] Unisim Transformation Summary:
No Unisim elements were transformed.

Constraint Validation Runtime : Time (s): cpu = 00:00:00 ; elapsed = 00:00:00.028 . Memory (MB): peak = 1177.703 ; gain = 0.000
---------------------------------------------------------------------------------
Finished Constraint Validation : Time (s): cpu = 00:00:18 ; elapsed = 00:00:25 . Memory (MB): peak = 1177.703 ; gain = 98.434
---------------------------------------------------------------------------------
---------------------------------------------------------------------------------
Start Loading Part and Timing Information
---------------------------------------------------------------------------------
Loading part: xc7a35tcpg236-1
---------------------------------------------------------------------------------
Finished Loading Part and Timing Information : Time (s): cpu = 00:00:18 ; elapsed = 00:00:25 . Memory (MB): peak = 1177.703 ; gain = 98.434
---------------------------------------------------------------------------------
---------------------------------------------------------------------------------
Start Applying 'set_property' XDC Constraints
---------------------------------------------------------------------------------
---------------------------------------------------------------------------------
Finished applying 'set_property' XDC Constraints : Time (s): cpu = 00:00:18 ; elapsed = 00:00:25 . Memory (MB): peak = 1177.703 ; gain = 98.434
---------------------------------------------------------------------------------
---------------------------------------------------------------------------------
Finished RTL Optimization Phase 2 : Time (s): cpu = 00:00:19 ; elapsed = 00:00:26 . Memory (MB): peak = 1177.703 ; gain = 98.434
---------------------------------------------------------------------------------
---------------------------------------------------------------------------------
Start RTL Component Statistics 
---------------------------------------------------------------------------------
Detailed RTL Component Info : 
+---Adders : 
	   2 Input   32 Bit       Adders := 2     
	   2 Input    2 Bit       Adders := 1     
+---Registers : 
	               32 Bit    Registers := 2     
	                2 Bit    Registers := 1     
	                1 Bit    Registers := 2     
+---Muxes : 
	   2 Input   32 Bit        Muxes := 2     
	   4 Input    4 Bit        Muxes := 2     
---------------------------------------------------------------------------------
Finished RTL Component Statistics 
---------------------------------------------------------------------------------
---------------------------------------------------------------------------------
Start Part Resource Summary
---------------------------------------------------------------------------------
Part Resources:
DSPs: 90 (col length:60)
BRAMs: 100 (col length: RAMB18 60 RAMB36 30)
---------------------------------------------------------------------------------
Finished Part Resource Summary
---------------------------------------------------------------------------------
---------------------------------------------------------------------------------
Start Cross Boundary and Area Optimization
---------------------------------------------------------------------------------
---------------------------------------------------------------------------------
Finished Cross Boundary and Area Optimization : Time (s): cpu = 00:00:32 ; elapsed = 00:00:40 . Memory (MB): peak = 1177.703 ; gain = 98.434
---------------------------------------------------------------------------------
---------------------------------------------------------------------------------
Start Applying XDC Timing Constraints
---------------------------------------------------------------------------------
---------------------------------------------------------------------------------
Finished Applying XDC Timing Constraints : Time (s): cpu = 00:00:45 ; elapsed = 00:00:54 . Memory (MB): peak = 1180.910 ; gain = 101.641
---------------------------------------------------------------------------------
---------------------------------------------------------------------------------
Start Timing Optimization
---------------------------------------------------------------------------------
---------------------------------------------------------------------------------
Finished Timing Optimization : Time (s): cpu = 00:00:45 ; elapsed = 00:00:54 . Memory (MB): peak = 1202.137 ; gain = 122.867
---------------------------------------------------------------------------------
---------------------------------------------------------------------------------
Start Technology Mapping
---------------------------------------------------------------------------------
---------------------------------------------------------------------------------
Finished Technology Mapping : Time (s): cpu = 00:00:46 ; elapsed = 00:00:55 . Memory (MB): peak = 1239.410 ; gain = 160.141
---------------------------------------------------------------------------------
---------------------------------------------------------------------------------
Start IO Insertion
---------------------------------------------------------------------------------
---------------------------------------------------------------------------------
Start Flattening Before IO Insertion
---------------------------------------------------------------------------------
---------------------------------------------------------------------------------
Finished Flattening Before IO Insertion
---------------------------------------------------------------------------------
---------------------------------------------------------------------------------
Start Final Netlist Cleanup
---------------------------------------------------------------------------------
---------------------------------------------------------------------------------
Finished Final Netlist Cleanup
---------------------------------------------------------------------------------
---------------------------------------------------------------------------------
Finished IO Insertion : Time (s): cpu = 00:00:52 ; elapsed = 00:01:01 . Memory (MB): peak = 1245.215 ; gain = 165.945
---------------------------------------------------------------------------------
---------------------------------------------------------------------------------
Start Renaming Generated Instances
---------------------------------------------------------------------------------
---------------------------------------------------------------------------------
Finished Renaming Generated Instances : Time (s): cpu = 00:00:52 ; elapsed = 00:01:01 . Memory (MB): peak = 1245.215 ; gain = 165.945
---------------------------------------------------------------------------------
---------------------------------------------------------------------------------
Start Rebuilding User Hierarchy
---------------------------------------------------------------------------------
---------------------------------------------------------------------------------
Finished Rebuilding User Hierarchy : Time (s): cpu = 00:00:52 ; elapsed = 00:01:01 . Memory (MB): peak = 1245.215 ; gain = 165.945
---------------------------------------------------------------------------------
---------------------------------------------------------------------------------
Start Renaming Generated Ports
---------------------------------------------------------------------------------
---------------------------------------------------------------------------------
Finished Renaming Generated Ports : Time (s): cpu = 00:00:52 ; elapsed = 00:01:01 . Memory (MB): peak = 1245.215 ; gain = 165.945
---------------------------------------------------------------------------------
---------------------------------------------------------------------------------
Start Handling Custom Attributes
---------------------------------------------------------------------------------
---------------------------------------------------------------------------------
Finished Handling Custom Attributes : Time (s): cpu = 00:00:52 ; elapsed = 00:01:01 . Memory (MB): peak = 1245.215 ; gain = 165.945
---------------------------------------------------------------------------------
---------------------------------------------------------------------------------
Start Renaming Generated Nets
---------------------------------------------------------------------------------
---------------------------------------------------------------------------------
Finished Renaming Generated Nets : Time (s): cpu = 00:00:52 ; elapsed = 00:01:01 . Memory (MB): peak = 1245.215 ; gain = 165.945
---------------------------------------------------------------------------------
---------------------------------------------------------------------------------
Start Writing Synthesis Report
---------------------------------------------------------------------------------

Report BlackBoxes: 
+-+--------------+----------+
| |BlackBox name |Instances |
+-+--------------+----------+
+-+--------------+----------+

Report Cell Usage: 
+------+-------+------+
|      |Cell   |Count |
+------+-------+------+
|1     |BUFG   |     1|
|2     |CARRY4 |    40|
|3     |LUT1   |     6|
|4     |LUT2   |    49|
|5     |LUT3   |    39|
|6     |LUT4   |    51|
|7     |LUT5   |    98|
|8     |LUT6   |    63|
|9     |FDCE   |    82|
|10    |IBUF   |     2|
|11    |OBUF   |    12|
+------+-------+------+
---------------------------------------------------------------------------------
Finished Writing Synthesis Report : Time (s): cpu = 00:00:52 ; elapsed = 00:01:01 . Memory (MB): peak = 1245.215 ; gain = 165.945
---------------------------------------------------------------------------------
Synthesis finished with 0 errors, 0 critical warnings and 0 warnings.
Synthesis Optimization Runtime : Time (s): cpu = 00:00:40 ; elapsed = 00:00:54 . Memory (MB): peak = 1245.215 ; gain = 67.512
Synthesis Optimization Complete : Time (s): cpu = 00:00:52 ; elapsed = 00:01:01 . Memory (MB): peak = 1245.215 ; gain = 165.945
INFO: [Project 1-571] Translating synthesized netlist
Netlist sorting complete. Time (s): cpu = 00:00:00 ; elapsed = 00:00:00.030 . Memory (MB): peak = 1257.242 ; gain = 0.000
INFO: [Netlist 29-17] Analyzing 40 Unisim elements for replacement
INFO: [Netlist 29-28] Unisim Transformation completed in 0 CPU seconds
INFO: [Project 1-570] Preparing netlist for logic optimization
INFO: [Opt 31-138] Pushed 0 inverter(s) to 0 load pin(s).
Netlist sorting complete. Time (s): cpu = 00:00:00 ; elapsed = 00:00:00 . Memory (MB): peak = 1257.242 ; gain = 0.000
INFO: [Project 1-111] Unisim Transformation Summary:
No Unisim elements were transformed.

INFO: [Common 17-83] Releasing license: Synthesis
34 Infos, 4 Warnings, 0 Critical Warnings and 0 Errors encountered.
synth_design completed successfully
synth_design: Time (s): cpu = 00:01:02 ; elapsed = 00:01:16 . Memory (MB): peak = 1257.242 ; gain = 177.973
INFO: [Common 17-1381] The checkpoint 'D:/KIMGYUHAN/project/FPGA/Up_counter/Up_counter.runs/synth_1/Up_counter.dcp' has been generated.
INFO: [runtcl-4] Executing : report_utilization -file Up_counter_utilization_synth.rpt -pb Up_counter_utilization_synth.pb
INFO: [Common 17-206] Exiting Vivado at Tue Oct 11 20:29:34 2022...
